[    0.000000] Linux versio 4.15.0-51-generic (buildd@lgw01-amd64-059) (gcc version 7.3.0 (Ubuntu 7.3.0-16ubuntu3)) #55-Ubuntu SMP Wed May 15 14:27:21 UTC 2019 (Ubuntu 4.15.0-51.55-generic 4.15.18)
[    0.000000] Commandline: BOOT_IMAGE=/boot/vmlinuz-4.15.0-51-generic root=LABEL=cloudimg-rootfs ro console=tty1 console=ttyS0
[    0.000000] KERNEL supported cpus:
[    0.000000]   Intel GenuineIntel
[    0.000000]   AMD AuthenticAMD
[    0.000000]   Centaur CentaurHauls
[    0.000000] x86/fpu: Supporting XSAVE feature 0x001: 'x87 floating point registers'
[    0.000000] x86/fpu: Supporting XSAVE feature 0x002: 'SSE registers'
[    0.000000] x86/fpu: Supporting XSAVE feature 0x004: 'AVX registers'
[    0.000000] x86/fpu: xstate_offset[2]:  576, xstate_sizes[2]:  256
[    0.000000] x86/fpu: Enabled xstate features 0x7, context size is 832 bytes, using 'standard' format.
[    0.000000] e820: BIOS-provided physical RAM map:
[    0.000000] BIOS-e820: [mem 0x0000000000000000-0x000000000009fbff] usable
[    0.000000] BIOS-e820: [mem 0x000000000009fc00-0x000000000009ffff] reserved
[    0.000000] BIOS-e820: [mem 0x00000000000f0000-0x00000000000fffff] reserved
[    0.000000] BIOS-e820: [mem 0x0000000000100000-0x000000003ffeffff] usable
[    0.000000] BIOS-e820: [mem 0x000000003fff0000-0x000000003fffffff] ACPI data
[    0.000000] BIOS-e820: [mem 0x00000000fec00000-0x00000000fec00fff] reserved
[    0.000000] BIOS-e820: [mem 0x00000000fee00000-0x00000000fee00fff] reserved
[    0.000000] BIOS-e820: [mem 0x00000000fffc0000-0x00000000ffffffff] reserved
[    0.000000] NX (Execute Disable) protection: active
[    0.000000] SMBIOS 2.5 present.
[    0.000000] DMI: innotek GmbH VirtualBox/VirtualBox, BIOS VirtualBox 12/01/2006
[    0.000000] Hypervisor detected: KVM
[    0.000000] e820: last_pfn = 0x3fff0 max_arch_pfn = 0x400000000
[    0.000000] MTRR: Disabled
[    0.000000] x86/PAT: MTRRs disabled, skipping PAT initialization too.
[    0.000000] CPU MTRRs all blank - virtualized system.
[    0.000000] x86/PAT: Configuration [0-7]: WB  WT  UC- UC  WB  WT  UC- UC  
[    0.000000] found SMP MP-table at [mem 0x0009fff0-0x0009ffff] mapped at [        (ptrval)]
[    0.000000] Scanning 1 areas for low memory corruption
[    0.000000] RAMDISK: [mem 0x35add000-0x36d65fff]
[    0.000000] ACPI: Early table checksum verification disabled
[    0.000000] ACPI: RSDP 0x00000000000E0000 000024 (v02 VBOX  )
[    0.000000] ACPI: XSDT 0x000000003FFF0030 00003C (v01 VBOX   VBOXXSDT 00000001 ASL  00000061)
[    0.000000] ACPI: FACP 0x000000003FFF00F0 0000F4 (v04 VBOX   VBOXFACP 00000001 ASL  00000061)
[    0.000000] ACPI: DSDT 0x000000003FFF0470 0021FF (v02 VBOX   VBOXBIOS 00000002 INTL 20180105)
[    0.000000] ACPI: FACS 0x000000003FFF0200 000040
[    0.000000] ACPI: FACS 0x000000003FFF0200 000040
[    0.000000] ACPI: APIC 0x000000003FFF0240 00005C (v02 VBOX   VBOXAPIC 00000001 ASL  00000061)
[    0.000000] ACPI: SSDT 0x000000003FFF02A0 0001CC (v01 VBOX   VBOXCPUT 00000002 INTL 20180105)
[    0.000000] No NUMA configuration found
[    0.000000] Faking a node at [mem 0x0000000000000000-0x000000003ffeffff]
[    0.000000] NODE_DATA(0) allocated [mem 0x3ffc5000-0x3ffeffff]
[    0.000000] kvm-clock: cpu 0, msr 0:3ff44001, primary cpu clock
[    0.000000] kvm-clock: Using msrs 4b564d01 and 4b564d00
[    0.000000] kvm-clock: using sched offset of 3280121429 cycles
[    0.000000] clocksource: kvm-clock: mask: 0xffffffffffffffff max_cycles: 0x1cd42e4dffb, max_idle_ns: 881590591483 ns
[    0.000000] Zone ranges:
[    0.000000]   DMA      [mem 0x0000000000001000-0x0000000000ffffff]
[    0.000000]   DMA32    [mem 0x0000000001000000-0x000000003ffeffff]
[    0.000000]   Normal   empty
[    0.000000]   Device   empty
[    0.000000] Movable zone start for each node
[    0.000000] Early memory node ranges
[    0.000000]   node   0: [mem 0x0000000000001000-0x000000000009efff]
[    0.000000]   node   0: [mem 0x0000000000100000-0x000000003ffeffff]
[    0.000000] Reserved but unavailable: 114 pages
[    0.000000] Initmem setup node 0 [mem 0x0000000000001000-0x000000003ffeffff]
[    0.000000] ACPI: PM-Timer IO Port: 0x4008
[    0.000000] IOAPIC[0]: apic_id 2, version 32, address 0xfec00000, GSI 0-23
[    0.000000] ACPI: INT_SRC_OVR (bus 0 bus_irq 0 global_irq 2 dfl dfl)
[    0.000000] ACPI: INT_SRC_OVR (bus 0 bus_irq 9 global_irq 9 low level)
[    0.000000] Using ACPI (MADT) for SMP configuration information
[    0.000000] smpboot: Allowing 2 CPUs, 0 hotplug CPUs
[    0.000000] PM: Registered nosave memory: [mem 0x00000000-0x00000fff]
[    0.000000] PM: Registered nosave memory: [mem 0x0009f000-0x0009ffff]
[    0.000000] PM: Registered nosave memory: [mem 0x000a0000-0x000effff]
[    0.000000] PM: Registered nosave memory: [mem 0x000f0000-0x000fffff]
[    0.000000] e820: [mem 0x40000000-0xfebfffff] available for PCI devices
[    0.000000] Booting paravirtualized kernel on KVM
[    0.000000] clocksource: refined-jiffies: mask: 0xffffffff max_cycles: 0xffffffff, max_idle_ns: 7645519600211568 ns
[    0.000000] random: get_random_bytes called from start_kernel+0x99/0x4fd with crng_init=0
[    0.000000] setup_percpu: NR_CPUS:8192 nr_cpumask_bits:2 nr_cpu_ids:2 nr_node_ids:1
[    0.000000] percpu: Embedded 46 pages/cpu @        (ptrval) s151552 r8192 d28672 u1048576
[    0.000000] PV qspinlock hash table entries: 256 (order: 0, 4096 bytes)
[    0.000000] Built 1 zonelists, mobility grouping on.  Total pages: 257913
[    0.000000] Policy zone: DMA32
[    0.000000] Kernel command line: BOOT_IMAGE=/boot/vmlinuz-4.15.0-51-generic root=LABEL=cloudimg-rootfs ro console=tty1 console=ttyS0
[    0.000000] Memory: 983604K/1048120K available (12300K kernel code, 2473K rwdata, 4272K rodata, 2408K init, 2416K bss, 64516K reserved, 0K cma-reserved)
[    0.000000] SLUB: HWalign=64, Order=0-3, MinObjects=0, CPUs=2, Nodes=1
[    0.000000] Kernel/User page tables isolation: enabled
[    0.000000] ftrace: allocating 39215 entries in 154 pages
[    0.004000] Hierarchical RCU implementation.
[    0.004000] 	RCU restricting CPUs from NR_CPUS=8192 to nr_cpu_ids=2.
[    0.004000] 	Tasks RCU enabled.
[    0.004000] RCU: Adjusting geometry for rcu_fanout_leaf=16, nr_cpu_ids=2
[    0.004000] NR_IRQS: 524544, nr_irqs: 440, preallocated irqs: 16
[    0.004000] Console: colour VGA+ 80x25
[    0.004000] console [tty1] enabled
[    0.004000] console [ttyS0] enabled
[    0.004000] ACPI: Core revision 20170831
[    0.004000] ACPI: 2 ACPI AML tables successfully acquired and loaded
[    0.004000] APIC: Switch to symmetric I/O mode setup
[    0.004000] x2apic enabled
[    0.004000] Switched APIC routing to physical x2apic.
[    0.004000] ..TIMER: vector=0x30 apic1=0 pin1=2 apic2=-1 pin2=-1
[    0.004004] tsc: Detected 2693.764 MHz processor
[    0.004647] Calibrating delay loop (skipped) preset value.. 5387.52 BogoMIPS (lpj=10775056)
[    0.005191] pid_max: default: 32768 minimum: 301
[    0.005915] Security Framework initialized
[    0.006549] Yama: becoming mindful.
[    0.008023] AppArmor: AppArmor initialized
[    0.009233] Dentry cache hash table entries: 131072 (order: 8, 1048576 bytes)
[    0.010291] Inode-cache hash table entries: 65536 (order: 7, 524288 bytes)
[    0.011296] Mount-cache hash table entries: 2048 (order: 2, 16384 bytes)
[    0.012007] Mountpoint-cache hash table entries: 2048 (order: 2, 16384 bytes)
[    0.013248] mce: CPU supports 0 MCE banks
[    0.013883] Last level iTLB entries: 4KB 1024, 2MB 1024, 4MB 1024
[    0.014738] Last level dTLB entries: 4KB 1024, 2MB 1024, 4MB 1024, 1GB 4
[    0.015673] Spectre V2 : Mitigation: Full generic retpoline
[    0.016002] Spectre V2 : Spectre v2 / SpectreRSB mitigation: Filling RSB on context switch
[    0.017205] Speculative Store Bypass: Vulnerable
[    0.017950] MDS: Vulnerable: Clear CPU buffers attempted, no microcode
[    0.018963] Freeing SMP alternatives memory: 36K
[    0.024000] smpboot: CPU0: Intel(R) Core(TM) i7-4600U CPU @ 2.10GHz (family: 0x6, model: 0x45, stepping: 0x1)
[    0.024064] Performance Events: unsupported p6 CPU model 69 no PMU driver, software events only.
[    0.025312] Hierarchical SRCU implementation.
[    0.028422] NMI watchdog: Perf event create on CPU 0 failed with -2
[    0.029275] NMI watchdog: Perf NMI watchdog permanently disabled
[    0.030126] smp: Bringing up secondary CPUs ...
[    0.030838] x86: Booting SMP configuration:
[    0.031436] .... node  #0, CPUs:      #1
[    0.004000] kvm-clock: cpu 1, msr 0:3ff44041, secondary cpu clock
[    0.004000] mce: CPU supports 0 MCE banks
[    0.035803] smp: Brought up 1 node, 2 CPUs
[    0.036005] smpboot: Max logical packages: 1
[    0.036683] smpboot: Total of 2 processors activated (10775.05 BogoMIPS)
[    0.037721] devtmpfs: initialized
[    0.037721] x86/mm: Memory block size: 128MB
[    0.037721] evm: security.selinux
[    0.040003] evm: security.SMACK64
[    0.040498] evm: security.SMACK64EXEC
[    0.041029] evm: security.SMACK64TRANSMUTE
[    0.041623] evm: security.SMACK64MMAP
[    0.042180] evm: security.apparmor
[    0.042697] evm: security.ima
[    0.043161] evm: security.capability
[    0.044082] clocksource: jiffies: mask: 0xffffffff max_cycles: 0xffffffff, max_idle_ns: 7645041785100000 ns
[    0.045403] futex hash table entries: 512 (order: 3, 32768 bytes)
[    0.046327] pinctrl core: initialized pinctrl subsystem
[    0.047611] RTC time:  8:17:34, date: 06/08/19
[    0.048129] NET: Registered protocol family 16
[    0.048853] audit: initializing netlink subsys (disabled)
[    0.049640] audit: type=2000 audit(1559981859.024:1): state=initialized audit_enabled=0 res=1
[    0.049640] cpuidle: using governor ladder
[    0.052007] cpuidle: using governor menu
[    0.052608] ACPI: bus type PCI registered
[    0.053227] acpiphp: ACPI Hot Plug PCI Controller Driver version: 0.5
[    0.054202] PCI: Using configuration type 1 for base access
[    0.056598] HugeTLB registered 2.00 MiB page size, pre-allocated 0 pages
[    0.057006] ACPI: Added _OSI(Module Device)
[    0.057006] ACPI: Added _OSI(Processor Device)
[    0.057374] ACPI: Added _OSI(3.0 _SCP Extensions)
[    0.060003] ACPI: Added _OSI(Processor Aggregator Device)
[    0.060805] ACPI: Added _OSI(Linux-Dell-Video)
[    0.061460] ACPI: Added _OSI(Linux-Lenovo-NV-HDMI-Audio)
[    0.062211] ACPI: Added _OSI(Linux-HPI-Hybrid-Graphics)
[    0.063207] ACPI: Executed 1 blocks of module-level executable AML code
[    0.067430] ACPI: Interpreter enabled
[    0.068014] ACPI: (supports S0 S5)
[    0.068648] ACPI: Using IOAPIC for interrupt routing
[    0.072112] PCI: Using host bridge windows from ACPI; if necessary, use "pci=nocrs" and report a bug
[    0.073818] ACPI: Enabled 2 GPEs in block 00 to 07
[    0.079709] ACPI: PCI Root Bridge [PCI0] (domain 0000 [bus 00-ff])
[    0.080008] acpi PNP0A03:00: _OSC: OS supports [ASPM ClockPM Segments MSI]
[    0.081157] acpi PNP0A03:00: _OSC: not requesting OS control; OS requires [ExtendedConfig ASPM ClockPM MSI]
[    0.082727] acpi PNP0A03:00: fail to add MMCONFIG information, can't access extended PCI configuration space under this bridge.
[    0.084282] PCI host bridge to bus 0000:00
[    0.085003] pci_bus 0000:00: root bus resource [io  0x0000-0x0cf7 window]
[    0.086094] pci_bus 0000:00: root bus resource [io  0x0d00-0xffff window]
[    0.088003] pci_bus 0000:00: root bus resource [mem 0x000a0000-0x000bffff window]
[    0.089310] pci_bus 0000:00: root bus resource [mem 0x40000000-0xfdffffff window]
[    0.090530] pci_bus 0000:00: root bus resource [bus 00-ff]
[    0.093460] pci 0000:00:01.1: legacy IDE quirk: reg 0x10: [io  0x01f0-0x01f7]
[    0.094611] pci 0000:00:01.1: legacy IDE quirk: reg 0x14: [io  0x03f6]
[    0.095638] pci 0000:00:01.1: legacy IDE quirk: reg 0x18: [io  0x0170-0x0177]
[    0.096003] pci 0000:00:01.1: legacy IDE quirk: reg 0x1c: [io  0x0376]
[    0.118679] pci 0000:00:07.0: quirk: [io  0x4000-0x403f] claimed by PIIX4 ACPI
[    0.120014] pci 0000:00:07.0: quirk: [io  0x4100-0x410f] claimed by PIIX4 SMB
[    0.138271] ACPI: PCI Interrupt Link [LNKA] (IRQs 5 9 10 *11)
[    0.140452] ACPI: PCI Interrupt Link [LNKB] (IRQs 5 9 *10 11)
[    0.141942] ACPI: PCI Interrupt Link [LNKC] (IRQs 5 *9 10 11)
[    0.144168] ACPI: PCI Interrupt Link [LNKD] (IRQs 5 9 10 *11)
[    0.145683] SCSI subsystem initialized
[    0.146362] pci 0000:00:02.0: vgaarb: setting as boot VGA device
[    0.146362] pci 0000:00:02.0: vgaarb: VGA device added: decodes=io+mem,owns=io+mem,locks=none
[    0.148010] pci 0000:00:02.0: vgaarb: bridge control possible
[    0.148814] vgaarb: loaded
[    0.149267] ACPI: bus type USB registered
[    0.149869] usbcore: registered new interface driver usbfs
[    0.150662] usbcore: registered new interface driver hub
[    0.152015] usbcore: registered new device driver usb
[    0.152819] EDAC MC: Ver: 3.0.0
[    0.152819] PCI: Using ACPI for IRQ routing
[    0.152925] NetLabel: Initializing
[    0.153461] NetLabel:  domain hash size = 128
[    0.154117] NetLabel:  protocols = UNLABELED CIPSOv4 CALIPSO
[    0.156024] NetLabel:  unlabeled traffic allowed by default
[    0.156849] clocksource: Switched to clocksource kvm-clock
[    0.167112] VFS: Disk quotas dquot_6.6.0
[    0.180766] VFS: Dquot-cache hash table entries: 512 (order 0, 4096 bytes)
[    0.182037] AppArmor: AppArmor Filesystem Enabled
[    0.182913] pnp: PnP ACPI init
[    0.184392] pnp: PnP ACPI: found 3 devices
[    0.194598] clocksource: acpi_pm: mask: 0xffffff max_cycles: 0xffffff, max_idle_ns: 2085701024 ns
[    0.196080] NET: Registered protocol family 2
[    0.197431] TCP established hash table entries: 8192 (order: 4, 65536 bytes)
[    0.198585] TCP bind hash table entries: 8192 (order: 5, 131072 bytes)
[    0.199711] TCP: Hash tables configured (established 8192 bind 8192)
[    0.200843] UDP hash table entries: 512 (order: 2, 16384 bytes)
[    0.201850] UDP-Lite hash table entries: 512 (order: 2, 16384 bytes)
[    0.202929] NET: Registered protocol family 1
[    0.203677] pci 0000:00:00.0: Limiting direct PCI/PCI transfers
[    0.204700] pci 0000:00:01.0: Activating ISA DMA hang workarounds
[    0.205722] pci 0000:00:02.0: Video device with shadowed ROM at [mem 0x000c0000-0x000dffff]
[    0.207191] Unpacking initramfs...
[    0.454088] Freeing initrd memory: 18980K
[    0.456829] clocksource: tsc: mask: 0xffffffffffffffff max_cycles: 0x26d43bb7f27, max_idle_ns: 440795270902 ns
[    0.458485] platform rtc_cmos: registered platform RTC device (no PNP device found)
[    0.459794] Scanning for low memory corruption every 60 seconds
[    0.461484] Initialise system trusted keyrings
[    0.462255] Key type blacklist registered
[    0.463058] workingset: timestamp_bits=36 max_order=18 bucket_order=0
[    0.465032] zbud: loaded
[    0.465992] squashfs: version 4.0 (2009/01/31) Phillip Lougher
[    0.467193] fuse init (API version 7.26)
[    0.469915] Key type asymmetric registered
[    0.470690] Asymmetric key parser 'x509' registered
[    0.471621] Block layer SCSI generic (bsg) driver version 0.4 loaded (major 246)
[    0.473076] io scheduler noop registered
[    0.473795] io scheduler deadline registered
[    0.474567] io scheduler cfq registered (default)
[    0.475678] ACPI: AC Adapter [AC] (off-line)
[    0.476510] input: Power Button as /devices/LNXSYSTM:00/LNXPWRBN:00/input/input0
[    0.477849] ACPI: Power Button [PWRF]
[    0.478556] input: Sleep Button as /devices/LNXSYSTM:00/LNXSLPBN:00/input/input1
[    0.479850] ACPI: Sleep Button [SLPF]
[    0.481409] ACPI: Battery Slot [BAT0] (battery present)
[    0.482494] Serial: 8250/16550 driver, 32 ports, IRQ sharing enabled
[    0.505547] 00:02: ttyS0 at I/O 0x3f8 (irq = 4, base_baud = 115200) is a 16550A
[    0.509352] Linux agpgart interface v0.103
[    0.511474] loop: module loaded
[    0.512581] scsi host0: ata_piix
[    0.513327] scsi host1: ata_piix
[    0.513937] ata1: PATA max UDMA/33 cmd 0x1f0 ctl 0x3f6 bmdma 0xd000 irq 14
[    0.515077] ata2: PATA max UDMA/33 cmd 0x170 ctl 0x376 bmdma 0xd008 irq 15
[    0.516341] libphy: Fixed MDIO Bus: probed
[    0.517113] tun: Universal TUN/TAP device driver, 1.6
[    0.518068] PPP generic driver version 2.4.2
[    0.518972] ehci_hcd: USB 2.0 'Enhanced' Host Controller (EHCI) Driver
[    0.520082] ehci-pci: EHCI PCI platform driver
[    0.520901] ehci-platform: EHCI generic platform driver
[    0.521794] ohci_hcd: USB 1.1 'Open' Host Controller (OHCI) Driver
[    0.522827] ohci-pci: OHCI PCI platform driver
[    0.523608] ohci-platform: OHCI generic platform driver
[    0.524527] uhci_hcd: USB Universal Host Controller Interface driver
[    0.525643] i8042: PNP: PS/2 Controller [PNP0303:PS2K,PNP0f03:PS2M] at 0x60,0x64 irq 1,12
[    0.527426] serio: i8042 KBD port at 0x60,0x64 irq 1
[    0.528339] serio: i8042 AUX port at 0x60,0x64 irq 12
[    0.529372] mousedev: PS/2 mouse device common for all mice
[    0.530979] input: AT Translated Set 2 keyboard as /devices/platform/i8042/serio0/input/input2
[    0.532026] rtc_cmos rtc_cmos: rtc core: registered rtc_cmos as rtc0
[    0.532080] rtc_cmos rtc_cmos: alarms up to one day, 114 bytes nvram
[    0.532087] i2c /dev entries driver
[    0.532137] device-mapper: uevent: version 1.0.3
[    0.532185] device-mapper: ioctl: 4.37.0-ioctl (2017-09-20) initialised: dm-devel@redhat.com
[    0.537674] ledtrig-cpu: registered to indicate activity on CPUs
[    0.538937] NET: Registered protocol family 10
[    0.542973] Segment Routing with IPv6
[    0.543558] NET: Registered protocol family 17
[    0.544349] Key type dns_resolver registered
[    0.545124] RAS: Correctable Errors collector initialized.
[    0.545908] sched_clock: Marking stable (545046632, 0)->(896761094, -351714462)
[    0.547257] registered taskstats version 1
[    0.547909] Loading compiled-in X.509 certificates
[    0.550770] Loaded X.509 cert 'Build time autogenerated kernel key: c1fa4cde9d34780ae4ae655b856adc042b663c06'
[    0.561435] zswap: loaded using pool lzo/zbud
[    0.565127] Key type big_key registered
[    0.565738] Key type trusted registered
[    0.567758] Key type encrypted registered
[    0.568422] AppArmor: AppArmor sha1 policy hashing enabled
[    0.569195] ima: No TPM chip found, activating TPM-bypass! (rc=-19)
[    0.570069] ima: Allocated hash algorithm: sha1
[    0.570742] evm: HMAC attrs: 0x1
[    0.571469]   Magic number: 7:167:270
[    0.572137] rtc_cmos rtc_cmos: setting system clock to 2019-06-08 08:17:35 UTC (1559981855)
[    0.573470] BIOS EDD facility v0.16 2004-Jun-25, 0 devices found
[    0.574369] EDD information not available.
[    0.683506] Freeing unused kernel image memory: 2408K
[    0.792059] Write protecting the kernel read-only data: 20480k
[    0.801787] Freeing unused kernel image memory: 2008K
[    0.803150] Freeing unused kernel image memory: 1872K
[    0.836442] x86/mm: Checked W+X mappings: passed, no W+X pages found.
[    0.870950] x86/mm: Checking user space page tables
[    0.877607] x86/mm: Checked W+X mappings: passed, no W+X pages found.
Loading, please wait...
starting version 237
[    1.059286] e1000: Intel(R) PRO/1000 Network Driver - version 7.3.21-k8-NAPI
[    1.060588] e1000: Copyright (c) 1999-2006 Intel Corporation.
[    1.084357] Fusion MPT base driver 3.04.20
[    1.106313] Copyright (c) 1999-2008 LSI Corporation
[    1.110617] AVX2 version of gcm_enc/dec engaged.
[    1.111445] AES CTR mode by8 optimization enabled
[    1.134569] Fusion MPT SPI Host driver 3.04.20
[    1.316964] input: ImExPS/2 Generic Explorer Mouse as /devices/platform/i8042/serio1/input/input4
[    1.495095] e1000 0000:00:03.0 eth0: (PCI:33MHz:32-bit) 02:06:b1:f3:7b:7f
[    1.496164] e1000 0000:00:03.0 eth0: Intel(R) PRO/1000 Network Connection
[    1.861989] e1000 0000:00:08.0 eth1: (PCI:33MHz:32-bit) 08:00:27:00:98:36
[    1.867094] e1000 0000:00:08.0 eth1: Intel(R) PRO/1000 Network Connection
[    1.869967] mptbase: ioc0: Initiating bringup
[    1.870068] e1000 0000:00:08.0 enp0s8: renamed from eth1
[    1.885973] e1000 0000:00:03.0 enp0s3: renamed from eth0
[    2.356797] ioc0: LSI53C1030 A0: Capabilities={Initiator}
[    3.504513] scsi host2: ioc0: LSI53C1030 A0, FwRev=00000000h, Ports=1, MaxQ=256, IRQ=20
[    3.761774] scsi 2:0:0:0: Direct-Access     VBOX     HARDDISK         1.0  PQ: 0 ANSI: 5
[    3.796237] scsi target2:0:0: Beginning Domain Validation
[    3.801717] scsi target2:0:0: Domain Validation skipping write tests
[    3.803964] scsi target2:0:0: Ending Domain Validation
[    3.805919] scsi target2:0:0: asynchronous
[    3.808426] scsi 2:0:1:0: Direct-Access     VBOX     HARDDISK         1.0  PQ: 0 ANSI: 5
[    4.012235] scsi target2:0:1: Beginning Domain Validation
[    4.053086] random: fast init done
[    4.054044] scsi target2:0:1: Domain Validation skipping write tests
[    4.055068] scsi target2:0:1: Ending Domain Validation
[    4.055975] scsi target2:0:1: asynchronous
[    4.095566] random: systemd-udevd: uninitialized urandom read (16 bytes read)
[    4.096739] random: systemd-udevd: uninitialized urandom read (16 bytes read)
[    4.096745] sd 2:0:0:0: Attached scsi generic sg0 type 0
[    4.098635] random: systemd-udevd: uninitialized urandom read (16 bytes read)
[    4.099761] sd 2:0:0:0: [sda] 20971520 512-byte logical blocks: (10.7 GB/10.0 GiB)
[    4.100201] sd 2:0:1:0: Attached scsi generic sg1 type 0
[    4.102067] sd 2:0:0:0: [sda] Write Protect is off
[    4.102833] sd 2:0:1:0: [sdb] 20480 512-byte logical blocks: (10.5 MB/10.0 MiB)
[    4.104050] sd 2:0:1:0: [sdb] Write Protect is off
[    4.120272] sd 2:0:0:0: [sda] Incomplete mode parameter data
[    4.120274] sd 2:0:0:0: [sda] Assuming drive cache: write through
[    4.121421]  sda: sda1
[    4.122051] sd 2:0:0:0: [sda] Attached SCSI disk
[    4.127215] sd 2:0:1:0: [sdb] Incomplete mode parameter data
[    4.130855] sd 2:0:1:0: [sdb] Assuming drive cache: write through
[    4.133705] sd 2:0:1:0: [sdb] Attached SCSI disk
Begin: Loading essential drivers ... [    5.568956] raid6: sse2x1   gen()  9856 MB/s
[    5.700098] raid6: sse2x1   xor()  8389 MB/s
[    5.748325] raid6: sse2x2   gen() 11878 MB/s
[    5.808865] raid6: sse2x2   xor()  7976 MB/s
[    5.870063] raid6: sse2x4   gen() 14375 MB/s
[    5.916233] raid6: sse2x4   xor()  8786 MB/s
[    5.970096] raid6: avx2x1   gen() 18375 MB/s
[    6.020089] raid6: avx2x1   xor() 12924 MB/s
[    6.090102] raid6: avx2x2   gen() 22145 MB/s
[    6.148745] raid6: avx2x2   xor() 13577 MB/s
[    6.220144] raid6: avx2x4   gen() 18389 MB/s
[    6.268801] raid6: avx2x4   xor()  9468 MB/s
[    6.280528] raid6: using algorithm avx2x2 gen() 22145 MB/s
[    6.281300] raid6: .... xor() 13577 MB/s, rmw enabled
[    6.282010] raid6: using avx2x2 recovery algorithm
[    6.284131] xor: automatically using best checksumming function   avx       
[    6.286745] async_tx: api initialized (async)
done.
Begin: Running /scripts/init-premount ... done.
Begin: Mounting root file system ... Begin: Running /scripts/local-top ... done.
Begin: Running /scripts/local-premount ... [    6.335083] Btrfs loaded, crc32c=crc32c-intel
Scanning for Btrfs filesystems
done.
Warning: fsck no[    6.365201] EXT4-fs (sda1): mounted filesystem with ordered data mode. Opts: (null)
t present, so skipping root file system
done.
Begin: Running /scripts/local-bottom ... done.
Begin: Running /scripts/init-bottom ... done.
[    6.580990] ip_tables: (C) 2000-2006 Netfilter Core Team
[    6.589684] systemd[1]: systemd 237 running in system mode. (+PAM +AUDIT +SELINUX +IMA +APPARMOR +SMACK +SYSVINIT +UTMP +LIBCRYPTSETUP +GCRYPT +GNUTLS +ACL +XZ +LZ4 +SECCOMP +BLKID +ELFUTILS +KMOD -IDN2 +IDN -PCRE2 default-hierarchy=hybrid)
[    6.593685] systemd[1]: Detected virtualization oracle.
[    6.594629] systemd[1]: Detected architecture x86-64.

Welcome to [1mUbuntu 18.04.2 LTS[0m!

[    6.604737] systemd[1]: Set hostname to <ubuntu>.
[    6.609694] systemd[1]: Initializing machine ID from random generator.
[    6.611317] systemd[1]: Installed transient /etc/machine-id file.
[    6.831941] systemd[1]: Started Forward Password Requests to Wall Directory Watch.
[[0;32m  OK  [0m] Started Forward Password Requests to Wall Directory Watch.
[    6.834510] systemd[1]: Set up automount Arbitrary Executable File Formats File System Automount Point.
[[0;32m  OK  [0m] Set up automount Arbitrary Executab…rmats File System Automount Point.
[    6.842124] systemd[1]: Reached target Swap.
[[0;32m  OK  [0m] Reached target Swap.
[    6.844913] systemd[1]: Created slice User and Session Slice.
[[0;32m  OK  [0m] Created slice User and Session Slice.
[[0;32m  OK  [0m] Reached target System Time Synchronized.
[[0;32m  OK  [0m] Reached target User and Group Name Lookups.
[[0;32m  OK  [0m] Created slice System Slice.
[[0;32m  OK  [0m] Listening on udev Kernel Socket.
[[0;32m  OK  [0m] Listening on LVM2 poll daemon socket.
[[0;32m  OK  [0m] Listening on Journal Audit Socket.
[[0;32m  OK  [0m] Listening on Network Service Netlink Socket.
[[0;32m  OK  [0m] Listening on LVM2 metadata daemon socket.
[[0;32m  OK  [0m] Listening on Journal Socket (/dev/log).
[[0;32m  OK  [0m] Listening on Journal Socket.
         Starting Remount Root and Kernel File Systems...
         Mounting POSIX Message Queue File System...
         Mounting Kernel Debug File System...
         Starting Create list of required st…ce nodes for the current kernel...
[[0;32m  OK  [0m] Listening on /dev/initctl Compatibility Named Pipe.
[[0;32m  OK  [0m] Listening on udev Control Socket.
         Starting udev Coldplug all Devices...
         Starting Set the console keyboard layout...
[[0;32m  OK  [0m] Reached target Slices.
         Starting Load Kernel Modules...
         Starting Uncomplicated firewall...
[[0;32m  OK  [0m] Created slice system-serial\x2dgetty.slice.
         Mounting Huge Pages File System...
[[0;32m  OK  [0m] Listening on Syslog Socket.
         Starting Journal Service...
[[0;32m  OK  [0m] Listening on Device-mapper event daemon FIFOs.
         Starting Monitoring of LVM2 mirrors…ng dmeventd or progress polling...
[[0;32m  OK  [0m] Started Create list of required sta…vice nodes for the current kernel.
[[0;32m  OK  [0m] Started Uncomplicated firewall.
         Starting Create Static Device Nodes in /dev...
[    6.999617] Loading iSCSI transport class v2.0-870.
[[0;32m  OK  [0m] Started udev Coldplug all Devices.
[[0;32m  OK  [0m] Started Create Static Device Nodes in /dev.
[[0;32m  OK  [0m] Started Journal Service.
[    7.096199] iscsi: registered transport (tcp)
[    7.114902] iscsi: registered transport (iser)
[[0;32m  OK  [0m] Started Load Kernel Modules.
         Mounting FUSE Control File System...
         Starting Apply Kernel Variables...
         Mounting Kernel Configuration File System...
[[0;32m  OK  [0m] Started Apply Kernel Variables.
[[0;32m  OK  [0m] Mounted POSIX Message Queue File System.
[[0;32m  OK  [0m] Mounted Kernel Debug File System.
[[0;32m  OK  [0m] Mounted Huge Pages File System.
[[0;32m  OK  [0m] Started Remount Root and Kernel File Systems.
[[0;32m  OK  [0m] Mounted FUSE Control File System.
[[0;32m  OK  [0m] Mounted Kernel Configuration File System.
[[0;32m  OK  [0m] Started LVM2 metadata daemon.
         Starting udev Kernel Device Manager...
         Starting Flush Journal to Persistent Storage...
         Starting Load/Save Random Seed...
[[0;32m  OK  [0m] Started Load/Save Random Seed.
[[0;32m  OK  [0m] Started Monitoring of LVM2 mirrors,…sing dmeventd or progress polling.
[[0;32m  OK  [0m] Started udev Kernel Device Manager.
[[0;32m  OK  [0m] Started Set the console keyboard layout.
[[0;32m  OK  [0m] Started Dispatch Password Requests to Console Directory Watch.
[[0;32m  OK  [0m] Reached target Local Encrypted Volumes.
[[0;32m  OK  [0m] Reached target Local File Systems (Pre).
[[0;32m  OK  [0m] Reached target Local File Systems.
         Starting Set console font and keymap...
         Starting AppArmor initialization...
         Starting ebtables ruleset management...
         Starting Commit a transient machine-id on disk...
         Starting Tell Plymouth To Write Out Runtime Data...
[[0;32m  OK  [0m] Started Flush Journal to Persistent Storage.
[[0;32m  OK  [0m] Started Set console font and keymap.
         Starting Create Volatile Files and Directories...
[[0;32m  OK  [0m] Started Tell Plymouth To Write Out Runtime Data.
[[0;32m  OK  [0m] Started Commit a transient machine-id on disk.
[[0;32m  OK  [0m] Started Create Volatile Files and Directories.
         Starting Update UTMP about System Boot/Shutdown...
[[0;32m  OK  [0m] Started ebtables ruleset management.
[[0;32m  OK  [0m] Started Update UTMP about System Boot/Shutdown.
[[0;32m  OK  [0m] Found device /dev/ttyS0.
[[0;32m  OK  [0m] Listening on Load/Save RF Kill Switch Status /dev/rfkill Watch.
[[0;32m  OK  [0m] Started AppArmor initialization.
         Starting Initial cloud-init job (pre-networking)...
[    9.744386] cloud-init[550]: Cloud-init v. 19.1-1-gbaa47854-0ubuntu1~18.04.1 running 'init-local' at Sat, 08 Jun 2019 08:17:44 +0000. Up 9.37 seconds.
[[0;32m  OK  [0m] Started Initial cloud-init job (pre-networking).
[[0;32m  OK  [0m] Reached target Network (Pre).
         Starting Network Service...
[[0;32m  OK  [0m] Started Network Service.
         Starting Network Name Resolution...
         Starting Wait for Network to be Configured...
[[0;32m  OK  [0m] Started Network Name Resolution.
[[0;32m  OK  [0m] Reached target Network.
[[0;32m  OK  [0m] Reached target Host and Network Name Lookups.
[[0;32m  OK  [0m] Started Wait for Network to be Configured.
         Starting Initial cloud-init job (metadata service crawler)...
[   11.983578] cloud-init[664]: Cloud-init v. 19.1-1-gbaa47854-0ubuntu1~18.04.1 running 'init' at Sat, 08 Jun 2019 08:17:46 +0000. Up 11.78 seconds.
[   11.992412] cloud-init[664]: ci-info: ++++++++++++++++++++++++++++++++++++++Net device info++++++++++++++++++++++++++++++++++++++
[   12.028485] cloud-init[664]: ci-info: +--------+-------+---------------------------+---------------+--------+-------------------+
[   12.060638] cloud-init[664]: ci-info: | Device |   Up  |          Address          |      Mask     | Scope  |     Hw-Address    |
[   12.076381] cloud-init[664]: ci-info: +--------+-------+---------------------------+---------------+--------+-------------------+
[   12.099973] cloud-init[664]: ci-info: | enp0s3 |  True |         10.0.2.15         | 255.255.255.0 | global | 02:06:b1:f3:7b:7f |
[   12.105137] cloud-init[664]: ci-info: | enp0s3 |  True | fe80::6:b1ff:fef3:7b7f/64 |       .       |  link  | 02:06:b1:f3:7b:7f |
[   12.106484] cloud-init[664]: ci-info: | enp0s8 | False |             .             |       .       |   .    | 08:00:27:00:98:36 |
[   12.164449] cloud-init[664]: ci-info: |   lo   |  True |         127.0.0.1         |   255.0.0.0   |  host  |         .         |
[   12.167456] cloud-init[664]: ci-info: |   lo   |  True |          ::1/128          |       .       |  host  |         .         |
[   12.169174] cloud-init[664]: ci-info: +--------+-------+---------------------------+---------------+--------+-------------------+
[   12.171128] cloud-init[664]: ci-info: ++++++++++++++++++++++++++++Route IPv4 info+++++++++++++++++++++++++++++
[   12.208892] cloud-init[664]: ci-info: +-------+-------------+----------+-----------------+-----------+-------+
[   12.210265] cloud-init[664]: ci-info: | Route | Destination | Gateway  |     Genmask     | Interface | Flags |
[   12.227513] cloud-init[664]: ci-info: +-------+-------------+----------+-----------------+-----------+-------+
[   12.229285] cloud-init[664]: ci-info: |   0   |   0.0.0.0   | 10.0.2.2 |     0.0.0.0     |   enp0s3  |   UG  |
[   12.231475] cloud-init[664]: ci-info: |   1   |   10.0.2.0  | 0.0.0.0  |  255.255.255.0  |   enp0s3  |   U   |
[   12.251676] cloud-init[664]: ci-info: |   2   |   10.0.2.2  | 0.0.0.0  | 255.255.255.255 |   enp0s3  |   UH  |
[   12.254153] cloud-init[664]: ci-info: +-------+-------------+----------+-----------------+-----------+-------+
[   12.256595] cloud-init[664]: ci-info: +++++++++++++++++++Route IPv6 info+++++++++++++++++++
[   12.296217] cloud-init[664]: ci-info: +-------+-------------+---------+-----------+-------+
[   12.312942] cloud-init[664]: ci-info: | Route | Destination | Gateway | Interface | Flags |
[   12.315186] cloud-init[664]: ci-info: +-------+-------------+---------+-----------+-------+
[   12.329114] cloud-init[664]: ci-info: |   1   |  fe80::/64  |    ::   |   enp0s3  |   U   |
[   12.331155] cloud-init[664]: ci-info: |   3   |    local    |    ::   |   enp0s3  |   U   |
[   12.344336] cloud-init[664]: ci-info: |   4   |   ff00::/8  |    ::   |   enp0s3  |   U   |
[   12.352203] cloud-init[664]: ci-info: +-------+-------------+---------+-----------+-------+
[   12.812276] cloud-init[664]: Generating public/private rsa key pair.
[   12.813628] cloud-init[664]: Your identification has been saved in /etc/ssh/ssh_host_rsa_key.
[   12.815267] cloud-init[664]: Your public key has been saved in /etc/ssh/ssh_host_rsa_key.pub.
[   12.816948] cloud-init[664]: The key fingerprint is:
[   12.818108] cloud-init[664]: SHA256:0n0XysWs4qCUciYPGIwAcOUX/SpCf8U/zgFk4S31POc root@ubuntu-bionic
[   12.825115] cloud-init[664]: The key's randomart image is:
[   12.826190] cloud-init[664]: +---[RSA 2048]----+
[   12.840329] cloud-init[664]: |* ... ..  ...    |
[   12.841374] cloud-init[664]: |.+ .   ...oo =   |
[   12.877147] cloud-init[664]: |. o . .  =o . O .|
[   12.882477] cloud-init[664]: |   o.. o .=o + = |
[   12.896638] cloud-init[664]: |  ..+.* Sooo= . E|
[[0;32m  OK  [0m] Started Initial cloud-init job (metadata service crawler).
[[0;32m  OK  [0m] Reached target Network is Online.
[   12.927618] cloud-init[664]: |    .Ooooo o+.   |
         Starting Availability of block devices...
[   12.968831] cloud-init[664]: |     .oo  .o o   |
[[0;32m  OK  [0m] Reached target Remote File Systems (Pre).
[   12.971686] [[0;32m  OK  [0m] Reached target Remote File Systems.
[[0;32m  OK  [0m] Reached target System Initialization.
[[0;32m  OK  [0m] Listening on UUID daemon activation socket.
cloud-init         Starting Socket activation for snappy daemon.
[[0;32m  OK  [0m] Listening on Open-iSCSI iscsid Socket.
[[0;32m  OK  [0m] Listening on ACPID Listen Socket.
[664]: |            o    |
         Starting LXD - unix socket.
[   13.030445] [[0;32m  OK  [0m] Started Discard unused blocks once a week.
[[0;32m  OK  [0m] Listening on D-Bus System Message Bus Socket.
[[0;32m  OK  [0m] Started Daily Cleanup of Temporary Directories.
[[0;32m  OK  [0m] Started Message of the Day.
cloud-init[664]: |                 |
[[0;32m  OK  [0m] Started ACPI Events Check.
[   13.068583] [[0;32m  OK  [0m] Reached target Paths.
cloud-init[664]: +----[SHA256]-----+
[[0;32m  OK  [0m] Started Daily apt download activities.
[   13.084090] [[0;32m  OK  [0m] Started Daily apt upgrade and clean activities.
[[0;32m  OK  [0m] Reached target Timers.
[[0;32m  OK  [0m] Reached target Cloud-config availability.
cloud-init[664]: Generating public/private dsa key pair.
[[0;32m  OK  [0m] Started Availability of block devices.
[   13.104499] [cloud-init[0;32m  OK  [0m[664]: ] Your identification has been saved in /etc/ssh/ssh_host_dsa_key.Listening on Socket activation for snappy daemon.

[[0;32m  OK  [0m] Listening on LXD - unix socket.
[   13.128216] [cloud-init[0;32m  OK  [0m[664]: ] Your public key has been saved in /etc/ssh/ssh_host_dsa_key.pub.Reached target Sockets.

[[0;32m  OK  [0m] Reached target Basic System.
[   13.168709] cloud-init[664]: The key fingerprint is:
[   13.172550] [[0;32m  OK  [0m] Started Deferred execution scheduler.
cloud-init[664]: SHA256:hMAsLMPKAlTI1tYxy/+eBNQ8soPpnDW0ohd4a7UNocg root@ubuntu-bionic
         Starting Virtualbox guest utils...
[   13.186944] cloud-init[664]: The key's randomart image is:
[   13.188799] cloud-init[664]: +---[DSA 1024]----+
[[0;32m  OK  [0m] Started irqbalance daemon.
[   13.208240] cloud-init[664]: |+o++oo.          |
[   13.210256] [[0;32m  OK  [0m] Started D-Bus System Message Bus.
cloud-init[664]: |+=oo+oo.o        |
[   13.212537] cloud-init[664]: |=o.. o.=.+       |
[   13.218515] cloud-init[664]: |o.. o B.= .      |
[   13.230636] cloud-init[664]: |.  E B @S        |
[[0;32m  OK  [0m] Started FUSE filesystem for LXC.
[   13.264672] cloud-init[664]: |    = B O        |
[   13.281244] cloud-init         Starting Login Service...
[664]: |   . B . +       |
         Starting LSB: Record successful boot for GRUB...
         Starting Dispatcher daemon for systemd-networkd...
         Starting LXD - container startup/shutdown...
[   13.384228] cloud-init[664]: |    o   o .      |
         Starting System Logging Service...
[   13.413038] cloud-init[664]: |         o       |
[   13.452341] cloud-init[664]: +----[SHA256]-----+
[   13.454026] cloud-init[664]: Generating public/private ecdsa key pair.
[   13.460759] cloud-init[664]: Your identification has been saved in /etc/ssh/ssh_host_ecdsa_key.
[   13.462381] cloud-init[664]: Your public key has been saved in /etc/ssh/ssh_host_ecdsa_key.pub.
[   13.469774] cloud-init[664]: The key fingerprint is:
[   13.471380] cloud-init[664]: SHA256:pTORU3gvlXGaFWKhbR6/c4TLvHDQxuVbfdppC1Pz0OU root@ubuntu-bionic
[   13.473647] cloud-init[664]: The key's randomart image is:
[   13.475261] cloud-init[664]: +---[ECDSA 256]---+
[   13.496374] cloud-init[664]: |         .. =++. |
[   13.501913] cloud-init[664]: |        .o.+o*   |
[   13.515943] cloud-init[664]: |        +.oo*   o|
[   13.517051] cloud-init[664]: |         =.o.= *o|
[   13.524820] cloud-init[664]: |        S  .o BoE|
[   13.526480] cloud-init[664]: |         o   =.BB|
[   13.527551] cloud-init[664]: |            .oO++|
[   13.528761] cloud-init[664]: |             o++.|
[   13.529868] cloud-init[664]: |              .. |
         Starting Snappy daemon...
         Starting Accounts Service...
[   13.546573] cloud-init[664]: +----[SHA256]-----+         Starting LSB: automatic crash report generation...

[   13.552887] cloud-init[664]: Generating public/private ed25519 key pair.
[   13.584161] cloud-init[664]: Your identification has been saved in /etc/ssh/ssh_host_ed25519_key.
[   13.604239] cloud-init[664]: Your public key has been saved in /etc/ssh/ssh_host_ed25519_key.pub.
[   13.605916] cloud-init[664]: The key fingerprint is:
[   13.607246] cloud-init[664]: SHA256:SFnDqlQ7AYDahAL/pxJLW7cxhgJTfn6RJr0pQhzWhPo root@ubuntu-bionic
         Starting Pollinate to seed the pseudo random number generator...
[   13.643155] cloud-init[664]: The key's randomart image is:
[   13.681157] cloud-init[664]: +--[ED25519 256]--+
[   13.720684] cloud-init[664]: |oo==o. .o        |
[   13.727314] cloud-init[664]: |+*o...o+..       |
[   13.738624] cloud-init[664]: |=+= o.B+         |
[   13.739722] cloud-init[664]: |o+.+.=+=         |
[   13.740658] cloud-init[664]: | .=.*.@.S        |
[   13.741445] cloud-init[664]: | .EB.B +         |
[   13.742190] cloud-init[664]: |  + . .          |
[   13.748585] cloud-init[664]: |   .             |
[   13.762027] cloud-init[664]: |                 |
[   13.762951] cloud-init[664]: +----[SHA256]-----+
[[0;32m  OK  [0m] Started Regular background program processing daemon.
         Starting Permit User Sessions...
[[0;32m  OK  [0m] Started System Logging Service.
[[0;32m  OK  [0m] Started Dispatcher daemon for systemd-networkd.
[[0;32m  OK  [0m] Started LXD - container startup/shutdown.
[[0;32m  OK  [0m] Started Permit User Sessions.
[[0;32m  OK  [0m] Started Login Service.
         Starting Authorization Manager...
[[0;32m  OK  [0m] Started Unattended Upgrades Shutdown.
         Starting Hold until boot process finishes up...
         Starting Terminate Plymouth Boot Screen...
[[0;32m  OK  [0m] Started Hold until boot process finishes up.
[[0;32m  OK  [0m] Started LSB: Record successful boot for GRUB.
[[0;32m  OK  [0m] Started LSB: automatic crash report generation.
[[0;32m  OK  [0m] Started Terminate Plymouth Boot Screen.
[[0;32m  OK  [0m] Started Authorization Manager.
[[0;32m  OK  [0m] Started Accounts Service.
         Starting Set console scheme...
[[0;32m  OK  [0m] Started Serial Getty on ttyS0.
[[0;32m  OK  [0m] Started Snappy daemon.
[[0;32m  OK  [0m] Started Set console scheme.
[[0;32m  OK  [0m] Created slice system-getty.slice.
[[0;32m  OK  [0m] Started Getty on tty1.
[[0;32m  OK  [0m] Reached target Login Prompts.
         Starting Wait until snapd is fully seeded...
[[0;32m  OK  [0m] Started Virtualbox guest utils.
[[0;32m  OK  [0m] Started Pollinate to seed the pseudo random number generator.
         Starting OpenBSD Secure Shell server...
[[0;32m  OK  [0m] Started OpenBSD Secure Shell server.
[[0;32m  OK  [0m] Created slice User Slice of vagrant.
         Starting User Manager for UID 1000...
[[0;32m  OK  [0m] Started Session 1 of user vagrant.
[[0;32m  OK  [0m] Started User Manager for UID 1000.
[[0;32m  OK  [0m] Started Wait until snapd is fully seeded.
[[0;32m  OK  [0m] Reached target Multi-User System.
[[0;32m  OK  [0m] Reached target Graphical Interface.
         Starting Update UTMP about System Runlevel Changes...
         Starting Apply the settings specified in cloud-config...
[[0;32m  OK  [0m] Started Update UTMP about System Runlevel Changes.
[   17.304701] cloud-init[1314]: Cloud-init v. 19.1-1-gbaa47854-0ubuntu1~18.04.1 running 'modules:config' at Sat, 08 Jun 2019 08:17:51 +0000. Up 16.90 seconds.
[[0;32m  OK  [0m] Started Apply the settings specified in cloud-config.
         Starting Execute cloud user/final scripts...
ci-info: no authorized ssh keys fingerprints found for user ubuntu.
<14>Jun  8 08:17:52 ec2: 
<14>Jun  8 08:17:52 ec2: #############################################################
<14>Jun  8 08:17:52 ec2: -----BEGIN SSH HOST KEY FINGERPRINTS-----
<14>Jun  8 08:17:52 ec2: 1024 SHA256:hMAsLMPKAlTI1tYxy/+eBNQ8soPpnDW0ohd4a7UNocg root@ubuntu-bionic (DSA)
<14>Jun  8 08:17:52 ec2: 256 SHA256:pTORU3gvlXGaFWKhbR6/c4TLvHDQxuVbfdppC1Pz0OU root@ubuntu-bionic (ECDSA)
<14>Jun  8 08:17:52 ec2: 256 SHA256:SFnDqlQ7AYDahAL/pxJLW7cxhgJTfn6RJr0pQhzWhPo root@ubuntu-bionic (ED25519)
<14>Jun  8 08:17:52 ec2: 2048 SHA256:0n0XysWs4qCUciYPGIwAcOUX/SpCf8U/zgFk4S31POc root@ubuntu-bionic (RSA)
<14>Jun  8 08:17:52 ec2: -----END SSH HOST KEY FINGERPRINTS-----
<14>Jun  8 08:17:52 ec2: #############################################################
-----BEGIN SSH HOST KEY KEYS-----
ecdsa-sha2-nistp256 AAAAE2VjZHNhLXNoYTItbmlzdHAyNTYAAAAIbmlzdHAyNTYAAABBBPHUu6z667OfCke1tNDm8dS2PGHRhkNaYm/FyUFlgiORKHJeVGGgcvfIggupg2Ik99zgSw7+E5LG5GkVo1Yl6Jc= root@ubuntu-bionic
ssh-ed25519 AAAAC3NzaC1lZDI1NTE5AAAAIN0lAIIuirE3dA6rUNBCJ5cTLFuIlyCuPA/3eQxORgt4 root@ubuntu-bionic
ssh-rsa AAAAB3NzaC1yc2EAAAADAQABAAABAQC/HvSYF4oD+DWZClEtsAluTZ7uuCxz95v0IzbdnKPujsQFnHJI+PvrAi2+D4CY96ssiJyl02ptDXGil68uhosdhLdNMTKp3/Hkk0ntJ3EF0JN6XeRQts/lMLqb0QoP2I+zG2AYpn4Xpiuue0+iZxLx4cgITA+g/MbEOkG0oDFNO11W9bTQ0oPH9x+XCCpmLnizRGEC66bdoZi7LjKU0G6zDSfZ9mm5dlLQGDEu0vsMjFfkuPJaglxG9NBpQscY72wDBOPTjnTJkPDPkFpWZ8UPCt+C9rnG7RgCYeiwo6z7yVgL28tRkq6N6qSa0wptvzuB0yWxz256+fDIcxKXyjoH root@ubuntu-bionic
-----END SSH HOST KEY KEYS-----
[   17.952658] cloud-init[1394]: Cloud-init v. 19.1-1-gbaa47854-0ubuntu1~18.04.1 running 'modules:final' at Sat, 08 Jun 2019 08:17:52 +0000. Up 17.78 seconds.
[   17.955309] cloud-init[1394]: ci-info: no authorized ssh keys fingerprints found for user ubuntu.
[   17.956394] cloud-init[1394]: Cloud-init v. 19.1-1-gbaa47854-0ubuntu1~18.04.1 finished at Sat, 08 Jun 2019 08:17:52 +0000. Datasource DataSourceNoCloud [seed=/dev/sdb][dsmode=net].  Up 17.94 seconds
[[0;32m  OK  [0m] Started Execute cloud user/final scripts.
[[0;32m  OK  [0m] Reached target Cloud-init target.

Ubuntu 18.04.2 LTS ubuntu-bionic ttyS0

ubuntu-bionic login: 